* b8334f2 : update 2019-08-25 12:04
* 6fea812 : update 2019-08-25 11:53
* db8aabc : update 2019-08-25 11:17
* acc5667 : update 2019-08-25 10:57
* 55ad41a : update 2019-08-25 10:54
* 53df902 : Update update.json
* 37291d2 : Update update.json
* 7b97de1 : update 2019-08-24 18:37
* 4423f31 : update 2019-08-24 16:18
* 8b386d5 : update 2019-08-24 04:18
* c5fc21f : update 2019-08-23 22:59
* f9a64c2 : update 2019-08-23 16:56
* 4847291 : update 2019-08-23 04:18
* d9d4d14 : update 2019-08-22 18:37
* 329e336 : update 2019-08-22 16:18
* 12e396a : update 2019-08-22 04:18
* eee65c0 : update 2019-08-21 18:37
* 6272160 : Update update.json
* a42ecb1 : update 2019-08-21 16:18
* a80f6e0 : update 2019-08-21 09:19
* bdb7bfe : update 2019-08-20 21:53
* 0b03cba : update 2019-08-20 18:37
* 86b9c9f : update 2019-08-20 16:18
* b923570 : update 2019-08-20 08:32
* 1ffa8ee : update 2019-08-20 04:18
* 38bd96a : update 2019-08-19 18:37
* e4023d6 : update 2019-08-19 16:18
* ebd7e1b : update 2019-08-19 04:18
* e73c704 : update 2019-08-18 22:43
* 30ee02f : update 2019-08-18 16:46
* abca5d4 : update 2019-08-18 16:18
* 65153a1 : update 2019-08-18 08:53
* 5789629 : update 2019-08-18 04:18
* 9fd5a8c : update 2019-08-17 18:42
* a13636c : update 2019-08-17 16:18
* 3ce96ee : update 2019-08-17 09:08
* 3d7ff80 : update 2019-08-17 04:18
* 149c76c : update 2019-08-16 19:08
* f3d5636 : update 2019-08-16 16:18
* 419b38c : update 2019-08-16 14:15
* 47d3f8c : Update update.json
* ed0cef6 : update 2019-08-16 09:08
* 50284fb : update 2019-08-16 04:33
* a0245e2 : update 2019-08-15 19:08
* 4b0464d : update 2019-08-15 16:33
* 6f3a469 : update 2019-08-15 09:08
* a4c084d : update 2019-08-15 05:46
* 7aee94b : update 2019-08-14 22:19
* fea2bf6 : Update update.json
* 6ebe4b6 : update 2019-08-14 22:08
* 45b3944 : update 2019-08-14 22:03
* 0f3cedf : update 2019-08-14 21:47
* 96f35a5 : update 2019-08-14 21:40
* 081e716 : update 2019-08-14 20:00
* 8387931 : update 2019-08-14 17:07
* 8f813f3 : update 2019-08-14 16:57
* 6bbd005 : update 2019-08-14 16:49
* bd6a3ff : update 2019-08-14 16:46
* cea5e6d : update 2019-08-14 16:43
* 57b878c : test
* ac8c051 : update 2019-08-14 16:08
* a64e5e5 : update 2019-08-14 16:06
* 049b484 : update 2019-08-14 16:05
* 96b8fb6 : update 2019-08-14 15:43
* 30572dd : update 2019-08-14 14:28
* 1a13e97 : testing
* d224399 : update 2019-08-14 10:55
* 1275e52 : update 2019-08-14 10:43
* 6cac0a8 : Update update.json
*   aa33f79 : update 2019-08-14 10:39
|\  
| * 5030319 : Update update.json
| * a0d0dfc : Update update.json
| * bd86539 : Update update.json
* | 8452221 : update 2019-08-14 10:36
* | 5c21d27 : update 2019-08-14 10:34
* | eabb045 : update 2019-08-14 10:18
* | af73576 : update 2019-08-14 10:05
* | b0f2f12 : update 2019-08-14 09:57
* | 8d5803e : update 2019-08-14 09:50
* | 21137ab : update 2019-08-14 09:47
* | 19b94e5 : update 2019-08-14 09:40
* | b57438c : update 2019-08-14 09:31
* | a741798 : update 2019-08-14 09:23
* | bceb1f1 : update 2019-08-14 09:19
* | 48b67ee : update 2019-08-13 21:43
* | 1422aed : update 2019-08-13 21:20
* | 3279943 : update 2019-08-13 21:09
* | 0def4f7 : update 2019-08-13 21:07
* | 965d076 : update 2019-08-13 21:06
* | 5d0a0cf : update 2019-08-13 21:05
* | f110ff1 : update 2019-08-13 21:04
* | 5281d27 : update 2019-08-13 16:12
* | 4f69130 : update 2019-08-13 16:10
* | a54b819 : update
* | 0ff273a : test
|/  
* c37b715 : update 2019-08-13 13:59
* ce3f6a9 : update 2019-08-13 13:50
* ef86efb : Update update.json
* 69c2a06 : Update update.json
* 8d0122a : Update update.json
* 41752ea : Update update.json
* c76278a : Update update.json
* b547b8c : Update update.json
* ae5540f : Update update.json
* 6d585cc : Update update.json
* 9505e4d : Update update.json
* 1277e82 : Update update.json
* 43ff016 : Update update.json
* b8f2f74 : Update update.json
* 664a343 : Update update.json
* 7a0b210 : Update update.json
* 32759a2 : Update update.json
* 49698a9 : Update update.json
* 1448e08 : Update update.json
* 5517de9 : Update update.json
* fea8598 : Update update.json
* 2a120a0 : Update update.json
* 690f9a8 : Update update.json
* 591e48b : Update update.json
* 4046c43 : Update update.json
* 02bc333 : Update update.json
* b886b19 : Update update.json
* b2db629 : Update update.json
* 0d2e64c : Update update.json
* 766ce44 : Update update.json
* 651ec32 : Update update.json
* b64b097 : Update update.json
* 77c5b47 : Update update.json
* 3073991 : Update update.json
* 034be12 : Update update.json
* 039041b : Update update.json
* cd24530 : Update update.json
* a456beb : Update update.json
* 5db46a4 : Update update.json
* c2637db : Update update.json
* 2a8e747 : Update update.json
* 3a64109 : Update update.json
* 1b8cc05 : Update update.json
* 872c939 : Update update.json
* 9c772ae : Update update.json
* 87992a1 : Update update.json
* 1a80711 : Update update.json
* 9bcd338 : Update update.json
* aa48967 : Update update.json
* 8ab7b67 : Update update.json
* 1b14e2a : Update update.json
* 33fb679 : Update update.json
* 8a34208 : Update update.json
* cf26e91 : Update update.json
* ebc73e9 : Update update.json
* 0310847 : Update update.json
* a97dfd3 : Update update.json
* 7ac95f9 : Update update.json
* a7393fd : Update update.json
* cc94b19 : Update update.json
* 384f0c0 : Update update.json
* 40612e0 : Update update.json
* 4c5b3c4 : Update update.json
* f1e1c30 : Update update.json
* 8387b00 : Update update.json
* 1723489 : Update update.json
* c1b708b : Update update.json
* 9119838 : Update update.json
* d47d766 : Update update.json
* 3891cfc : Update update.json
* 260304c : Update update.json
* 8f6f631 : update
* b46e8fe : update
* 1947dce : Delete update.json
* 466fc08 : Update update.json
* 5c69c11 : Create update.json
* bbb90c6 : 'init'